INFO - 2024-01-09 00:47:00 --> Session: Class initialized using 'CodeIgniter\Session\Handlers\FileHandler' driver.
INFO - 2024-01-09 00:47:00 --> Session: Class initialized using 'CodeIgniter\Session\Handlers\FileHandler' driver.
INFO - 2024-01-09 00:51:28 --> Session: Class initialized using 'CodeIgniter\Session\Handlers\FileHandler' driver.
INFO - 2024-01-09 00:51:29 --> Session: Class initialized using 'CodeIgniter\Session\Handlers\FileHandler' driver.
INFO - 2024-01-09 00:51:38 --> Session: Class initialized using 'CodeIgniter\Session\Handlers\FileHandler' driver.
INFO - 2024-01-09 00:51:38 --> Session: Class initialized using 'CodeIgniter\Session\Handlers\FileHandler' driver.
ERROR - 2024-01-09 00:51:39 --> mysqli_sql_exception: Table 'plscu.membershiptable' doesn't exist in C:\xampp\htdocs\plscu\system\Database\MySQLi\Connection.php:295
Stack trace:
#0 C:\xampp\htdocs\plscu\system\Database\MySQLi\Connection.php(295): mysqli->query('SELECT SUM(`tot...', 0)
#1 C:\xampp\htdocs\plscu\system\Database\BaseConnection.php(692): CodeIgniter\Database\MySQLi\Connection->execute('SELECT SUM(`tot...')
#2 C:\xampp\htdocs\plscu\system\Database\BaseConnection.php(606): CodeIgniter\Database\BaseConnection->simpleQuery('SELECT SUM(`tot...')
#3 C:\xampp\htdocs\plscu\system\Database\BaseBuilder.php(1616): CodeIgniter\Database\BaseConnection->query('SELECT SUM(`tot...', Array, false)
#4 C:\xampp\htdocs\plscu\system\Model.php(840): CodeIgniter\Database\BaseBuilder->get()
#5 C:\xampp\htdocs\plscu\app\Controllers\Dashboard.php(98): CodeIgniter\Model->__call('get', Array)
#6 C:\xampp\htdocs\plscu\system\CodeIgniter.php(934): App\Controllers\Dashboard->index()
#7 C:\xampp\htdocs\plscu\system\CodeIgniter.php(499): CodeIgniter\CodeIgniter->runController(Object(App\Controllers\Dashboard))
#8 C:\xampp\htdocs\plscu\system\CodeIgniter.php(368): CodeIgniter\CodeIgniter->handleRequest(NULL, Object(Config\Cache), false)
#9 C:\xampp\htdocs\plscu\public\index.php(67): CodeIgniter\CodeIgniter->run()
#10 {main}
CRITICAL - 2024-01-09 00:51:39 --> Table 'plscu.membershiptable' doesn't exist
in SYSTEMPATH\Database\MySQLi\Connection.php on line 295.
 1 SYSTEMPATH\Database\MySQLi\Connection.php(295): mysqli->query('SELECT SUM(`total_amount`) AS `total_amount`
FROM `due_pmt_log`
JOIN `membershipTable` ON `membershipTable`.`serial` = `clubPayment`.`seriaNo`
WHERE `paymentStatus` = \'approved\'', 0)
 2 SYSTEMPATH\Database\BaseConnection.php(692): CodeIgniter\Database\MySQLi\Connection->execute('SELECT SUM(`total_amount`) AS `total_amount`
FROM `due_pmt_log`
JOIN `membershipTable` ON `membershipTable`.`serial` = `clubPayment`.`seriaNo`
WHERE `paymentStatus` = \'approved\'')
 3 SYSTEMPATH\Database\BaseConnection.php(606): CodeIgniter\Database\BaseConnection->simpleQuery('SELECT SUM(`total_amount`) AS `total_amount`
FROM `due_pmt_log`
JOIN `membershipTable` ON `membershipTable`.`serial` = `clubPayment`.`seriaNo`
WHERE `paymentStatus` = \'approved\'')
 4 SYSTEMPATH\Database\BaseBuilder.php(1616): CodeIgniter\Database\BaseConnection->query('SELECT SUM(`total_amount`) AS `total_amount`
FROM `due_pmt_log`
JOIN `membershipTable` ON `membershipTable`.`serial` = `clubPayment`.`seriaNo`
WHERE `paymentStatus` = :paymentStatus:', [...], false)
 5 SYSTEMPATH\Model.php(840): CodeIgniter\Database\BaseBuilder->get()
 6 APPPATH\Controllers\Dashboard.php(98): CodeIgniter\Model->__call('get', [])
 7 SYSTEMPATH\CodeIgniter.php(934): App\Controllers\Dashboard->index()
 8 SYSTEMPATH\CodeIgniter.php(499): CodeIgniter\CodeIgniter->runController(Object(App\Controllers\Dashboard))
 9 SYSTEMPATH\CodeIgniter.php(368): CodeIgniter\CodeIgniter->handleRequest(null, Object(Config\Cache), false)
10 FCPATH\index.php(67): CodeIgniter\CodeIgniter->run()
INFO - 2024-01-09 00:57:32 --> Session: Class initialized using 'CodeIgniter\Session\Handlers\FileHandler' driver.
ERROR - 2024-01-09 00:57:32 --> mysqli_sql_exception: Unknown column 'paymentStatus' in 'where clause' in C:\xampp\htdocs\plscu\system\Database\MySQLi\Connection.php:295
Stack trace:
#0 C:\xampp\htdocs\plscu\system\Database\MySQLi\Connection.php(295): mysqli->query('SELECT SUM(`due...', 0)
#1 C:\xampp\htdocs\plscu\system\Database\BaseConnection.php(692): CodeIgniter\Database\MySQLi\Connection->execute('SELECT SUM(`due...')
#2 C:\xampp\htdocs\plscu\system\Database\BaseConnection.php(606): CodeIgniter\Database\BaseConnection->simpleQuery('SELECT SUM(`due...')
#3 C:\xampp\htdocs\plscu\system\Database\BaseBuilder.php(1616): CodeIgniter\Database\BaseConnection->query('SELECT SUM(`due...', Array, false)
#4 C:\xampp\htdocs\plscu\system\Model.php(840): CodeIgniter\Database\BaseBuilder->get()
#5 C:\xampp\htdocs\plscu\app\Controllers\Dashboard.php(98): CodeIgniter\Model->__call('get', Array)
#6 C:\xampp\htdocs\plscu\system\CodeIgniter.php(934): App\Controllers\Dashboard->index()
#7 C:\xampp\htdocs\plscu\system\CodeIgniter.php(499): CodeIgniter\CodeIgniter->runController(Object(App\Controllers\Dashboard))
#8 C:\xampp\htdocs\plscu\system\CodeIgniter.php(368): CodeIgniter\CodeIgniter->handleRequest(NULL, Object(Config\Cache), false)
#9 C:\xampp\htdocs\plscu\public\index.php(67): CodeIgniter\CodeIgniter->run()
#10 {main}
CRITICAL - 2024-01-09 00:57:32 --> Unknown column 'paymentStatus' in 'where clause'
in SYSTEMPATH\Database\MySQLi\Connection.php on line 295.
 1 SYSTEMPATH\Database\MySQLi\Connection.php(295): mysqli->query('SELECT SUM(`due_amount`) AS `due_amount`
FROM `due_pmt_log`
JOIN `membership_applicants` ON `membership_applicants`.`memberSerialNo` = `due_pmt_log`.`mem_serial_no`
WHERE `paymentStatus` = \'approved\'', 0)
 2 SYSTEMPATH\Database\BaseConnection.php(692): CodeIgniter\Database\MySQLi\Connection->execute('SELECT SUM(`due_amount`) AS `due_amount`
FROM `due_pmt_log`
JOIN `membership_applicants` ON `membership_applicants`.`memberSerialNo` = `due_pmt_log`.`mem_serial_no`
WHERE `paymentStatus` = \'approved\'')
 3 SYSTEMPATH\Database\BaseConnection.php(606): CodeIgniter\Database\BaseConnection->simpleQuery('SELECT SUM(`due_amount`) AS `due_amount`
FROM `due_pmt_log`
JOIN `membership_applicants` ON `membership_applicants`.`memberSerialNo` = `due_pmt_log`.`mem_serial_no`
WHERE `paymentStatus` = \'approved\'')
 4 SYSTEMPATH\Database\BaseBuilder.php(1616): CodeIgniter\Database\BaseConnection->query('SELECT SUM(`due_amount`) AS `due_amount`
FROM `due_pmt_log`
JOIN `membership_applicants` ON `membership_applicants`.`memberSerialNo` = `due_pmt_log`.`mem_serial_no`
WHERE `paymentStatus` = :paymentStatus:', [...], false)
 5 SYSTEMPATH\Model.php(840): CodeIgniter\Database\BaseBuilder->get()
 6 APPPATH\Controllers\Dashboard.php(98): CodeIgniter\Model->__call('get', [])
 7 SYSTEMPATH\CodeIgniter.php(934): App\Controllers\Dashboard->index()
 8 SYSTEMPATH\CodeIgniter.php(499): CodeIgniter\CodeIgniter->runController(Object(App\Controllers\Dashboard))
 9 SYSTEMPATH\CodeIgniter.php(368): CodeIgniter\CodeIgniter->handleRequest(null, Object(Config\Cache), false)
10 FCPATH\index.php(67): CodeIgniter\CodeIgniter->run()
INFO - 2024-01-09 00:58:59 --> Session: Class initialized using 'CodeIgniter\Session\Handlers\FileHandler' driver.
